<?xml version="1.0" encoding="UTF-8"?>
<!-- Generated by org.testng.reporters.JUnitReportReporter -->
<testsuite skipped="0" hostname="Faculty-Laptop-4thFloor-Room2" name="DemoTestNG" tests="3" failures="0" timestamp="2019-09-27T11:51:42 IST" time="63.494" errors="0">
  <testcase name="demo2" time="12.590" classname="DemoTestNG"/>
  <testcase name="demo3" time="14.020" classname="DemoTestNG"/>
  <testcase name="demo1" time="36.884" classname="DemoTestNG"/>
</testsuite> <!-- DemoTestNG -->
