<?xml version="1.0" encoding="UTF-8"?>
<!-- Generated by org.testng.reporters.JUnitReportReporter -->
<testsuite skipped="0" hostname="Faculty-Laptop-4thFloor-Room2" name="DemoDataP" tests="3" failures="0" timestamp="2019-10-01T10:44:23 IST" time="0.015" errors="0">
  <testcase name="demo" time="0.015" classname="DemoDataP"/>
  <testcase name="demo" time="0.000" classname="DemoDataP"/>
  <testcase name="demo" time="0.000" classname="DemoDataP"/>
</testsuite> <!-- DemoDataP -->
